<?xml version="1.0" encoding="UTF-8"?>
<!-- Generated by org.testng.reporters.JUnitReportReporter -->
<testsuite skipped="0" hostname="SMARUDH-IN-LE01" name="com.trimble.taf.suite.tests.base.TestRunner" tests="1" failures="0" timestamp="05 Jul 2018 06:23:49 GMT" time="272.560" errors="0">
  <testcase name="feature" time="272.560" classname="com.trimble.taf.suite.tests.base.TestRunner"/>
</testsuite> <!-- com.trimble.taf.suite.tests.base.TestRunner -->
