<?xml version="1.0" encoding="UTF-8"?>
<!-- Generated by org.testng.reporters.JUnitReportReporter -->
<testsuite skipped="0" hostname="PSAH-IN-LE02" name="com.trimble.taf.suite.tests.base.TestRunner" tests="1" failures="0" timestamp="05 Jul 2018 12:56:23 GMT" time="51.757" errors="0">
  <testcase name="feature" time="51.757" classname="com.trimble.taf.suite.tests.base.TestRunner"/>
</testsuite> <!-- com.trimble.taf.suite.tests.base.TestRunner -->
