<?xml version="1.0" encoding="UTF-8"?>
<!-- Generated by org.testng.reporters.JUnitReportReporter -->
<testsuite hostname="SMARUDH-IN-LE01" name="com.trimble.birst.tests.CommonTests" tests="1" failures="0" timestamp="28 Jun 2018 09:00:23 GMT" time="55.385" errors="0">
  <testcase name="verifyDatefilterOnedashboardToanother" time="55.385" classname="com.trimble.birst.tests.CommonTests"/>
</testsuite> <!-- com.trimble.birst.tests.CommonTests -->
