<?xml version="1.0" encoding="UTF-8"?>
<!-- Generated by org.testng.reporters.JUnitReportReporter -->
<testsuite hostname="SMARUDH-IN-LE01" name="com.trimble.birst.tests.LoginBirstTest" tests="1" failures="0" timestamp="20 Jun 2018 08:54:29 GMT" time="8.531" errors="0">
  <testcase name="loginTestcases" time="8.531" classname="com.trimble.birst.tests.LoginBirstTest"/>
</testsuite> <!-- com.trimble.birst.tests.LoginBirstTest -->
