<?xml version="1.0" encoding="UTF-8"?>
<!-- Generated by org.testng.reporters.JUnitReportReporter -->
<testsuite hostname="SMARUDH-IN-LE01" name="com.trimble.birst.tests.ExecutiveConsoleTests" tests="1" failures="0" timestamp="28 Jun 2018 11:29:39 GMT" time="65.119" errors="0">
  <testcase name="verifyExecutiveconsoleOverallscoreinASC" time="65.119" classname="com.trimble.birst.tests.ExecutiveConsoleTests"/>
</testsuite> <!-- com.trimble.birst.tests.ExecutiveConsoleTests -->
