<?xml version="1.0" encoding="UTF-8"?>
<!-- Generated by org.testng.reporters.JUnitReportReporter -->
<testsuite skipped="0" hostname="SMARUDH-IN-LE01" name="com.trimble.taf.suite.tests.base.TestRunner" tests="1" failures="0" timestamp="19 Sep 2018 13:04:09 GMT" time="81.725" errors="0">
  <testcase name="feature" time="81.725" classname="com.trimble.taf.suite.tests.base.TestRunner"/>
</testsuite> <!-- com.trimble.taf.suite.tests.base.TestRunner -->
