<?xml version="1.0" encoding="UTF-8"?>
<!-- Generated by org.testng.reporters.JUnitReportReporter -->
<testsuite skipped="0" hostname="SMARUDH-IN-LE01" name="com.trimble.taf.suite.tests.base.TestRunner" tests="2" failures="0" timestamp="11 Oct 2018 11:11:17 GMT" time="335.753" errors="0">
  <testcase name="feature" time="145.461" classname="com.trimble.taf.suite.tests.base.TestRunner"/>
  <testcase name="feature" time="190.292" classname="com.trimble.taf.suite.tests.base.TestRunner"/>
</testsuite> <!-- com.trimble.taf.suite.tests.base.TestRunner -->
