<?xml version="1.0" encoding="UTF-8"?>
<!-- Generated by org.testng.reporters.JUnitReportReporter -->
<testsuite skipped="0" hostname="SMARUDH-IN-LE01" name="com.trimble.taf.suite.tests.base.CommontestsTestRunner" tests="2" failures="0" timestamp="30 Aug 2018 12:18:08 GMT" time="204.325" errors="0">
  <testcase name="feature" time="111.285" classname="com.trimble.taf.suite.tests.base.CommontestsTestRunner"/>
  <testcase name="feature" time="93.040" classname="com.trimble.taf.suite.tests.base.CommontestsTestRunner"/>
</testsuite> <!-- com.trimble.taf.suite.tests.base.CommontestsTestRunner -->
