<?xml version="1.0" encoding="UTF-8"?>
<!-- Generated by org.testng.reporters.JUnitReportReporter -->
<testsuite skipped="1" hostname="SMARUDH-IN-LE01" name="com.trimble.taf.suite.tests.base.TestRunner" tests="3" failures="0" timestamp="04 Jul 2018 12:13:13 GMT" time="0.019" errors="2">
  <testcase name="setUpClass" time="0.019" classname="com.trimble.taf.suite.tests.base.TestRunner">
    <error type="cucumber.runtime.CucumberException" message="Couldn&#039;t load plugin class: com.cucumber.listener.ExtentCucumberFormatter">
      <![CDATA[cucumber.runtime.CucumberException: Couldn't load plugin class: com.cucumber.listener.ExtentCucumberFormatter
at cucumber.runtime.formatter.PluginFactory.loadClass(PluginFactory.java:175)
at cucumber.runtime.formatter.PluginFactory.pluginClass(PluginFactory.java:165)
at cucumber.runtime.formatter.PluginFactory.getPluginClass(PluginFactory.java:226)
at cucumber.runtime.formatter.PluginFactory.isFormatterName(PluginFactory.java:195)
at cucumber.runtime.RuntimeOptionsFactory.addPlugins(RuntimeOptionsFactory.java:90)
at cucumber.runtime.RuntimeOptionsFactory.buildArgsFromOptions(RuntimeOptionsFactory.java:37)
at cucumber.runtime.RuntimeOptionsFactory.create(RuntimeOptionsFactory.java:24)
at cucumber.api.testng.TestNGCucumberRunner.<init>(TestNGCucumberRunner.java:37)
at com.trimble.taf.suite.tests.base.TestRunner.setUpClass(TestRunner.java:59)
at sun.reflect.NativeMethodAccessorImpl.invoke0(Native Method)
at sun.reflect.NativeMethodAccessorImpl.invoke(NativeMethodAccessorImpl.java:62)
at sun.reflect.DelegatingMethodAccessorImpl.invoke(DelegatingMethodAccessorImpl.java:43)
at java.lang.reflect.Method.invoke(Method.java:498)
at org.testng.internal.MethodInvocationHelper.invokeMethod(MethodInvocationHelper.java:124)
at org.testng.internal.MethodInvocationHelper.invokeMethodConsideringTimeout(MethodInvocationHelper.java:59)
at org.testng.internal.Invoker.invokeConfigurationMethod(Invoker.java:458)
at org.testng.internal.Invoker.invokeConfigurations(Invoker.java:222)
at org.testng.internal.Invoker.invokeConfigurations(Invoker.java:142)
at org.testng.internal.TestMethodWorker.invokeBeforeClassMethods(TestMethodWorker.java:168)
at org.testng.internal.TestMethodWorker.run(TestMethodWorker.java:105)
at org.testng.TestRunner.privateRun(TestRunner.java:648)
at org.testng.TestRunner.run(TestRunner.java:505)
at org.testng.SuiteRunner.runTest(SuiteRunner.java:455)
at org.testng.SuiteRunner.access$000(SuiteRunner.java:40)
at org.testng.SuiteRunner$SuiteWorker.run(SuiteRunner.java:489)
at org.testng.internal.thread.ThreadUtil$1.call(ThreadUtil.java:52)
at java.util.concurrent.FutureTask.run(FutureTask.java:266)
at java.util.concurrent.ThreadPoolExecutor.runWorker(ThreadPoolExecutor.java:1149)
at java.util.concurrent.ThreadPoolExecutor$Worker.run(ThreadPoolExecutor.java:624)
at java.lang.Thread.run(Thread.java:748)
Caused by: java.lang.ClassNotFoundException: com.cucumber.listener.ExtentCucumberFormatter
at java.net.URLClassLoader.findClass(URLClassLoader.java:381)
at java.lang.ClassLoader.loadClass(ClassLoader.java:424)
at sun.misc.Launcher$AppClassLoader.loadClass(Launcher.java:338)
at java.lang.ClassLoader.loadClass(ClassLoader.java:357)
at cucumber.runtime.formatter.PluginFactory.loadClass(PluginFactory.java:173)
... 29 more
]]>
    </error>
  </testcase> <!-- setUpClass -->
  <testcase name="tearDownClass" time="0.000" classname="com.trimble.taf.suite.tests.base.TestRunner">
    <error type="java.lang.NullPointerException">
      <![CDATA[java.lang.NullPointerException
at com.trimble.taf.suite.tests.base.TestRunner.tearDownClass(TestRunner.java:74)
at sun.reflect.NativeMethodAccessorImpl.invoke0(Native Method)
at sun.reflect.NativeMethodAccessorImpl.invoke(NativeMethodAccessorImpl.java:62)
at sun.reflect.DelegatingMethodAccessorImpl.invoke(DelegatingMethodAccessorImpl.java:43)
at java.lang.reflect.Method.invoke(Method.java:498)
at org.testng.internal.MethodInvocationHelper.invokeMethod(MethodInvocationHelper.java:124)
at org.testng.internal.MethodInvocationHelper.invokeMethodConsideringTimeout(MethodInvocationHelper.java:59)
at org.testng.internal.Invoker.invokeConfigurationMethod(Invoker.java:458)
at org.testng.internal.Invoker.invokeConfigurations(Invoker.java:222)
at org.testng.internal.Invoker.invokeConfigurations(Invoker.java:142)
at org.testng.internal.TestMethodWorker.invokeAfterClassMethods(TestMethodWorker.java:214)
at org.testng.internal.TestMethodWorker.run(TestMethodWorker.java:111)
at org.testng.TestRunner.privateRun(TestRunner.java:648)
at org.testng.TestRunner.run(TestRunner.java:505)
at org.testng.SuiteRunner.runTest(SuiteRunner.java:455)
at org.testng.SuiteRunner.access$000(SuiteRunner.java:40)
at org.testng.SuiteRunner$SuiteWorker.run(SuiteRunner.java:489)
at org.testng.internal.thread.ThreadUtil$1.call(ThreadUtil.java:52)
at java.util.concurrent.FutureTask.run(FutureTask.java:266)
at java.util.concurrent.ThreadPoolExecutor.runWorker(ThreadPoolExecutor.java:1149)
at java.util.concurrent.ThreadPoolExecutor$Worker.run(ThreadPoolExecutor.java:624)
at java.lang.Thread.run(Thread.java:748)
]]>
    </error>
  </testcase> <!-- tearDownClass -->
  <testcase name="feature" time="0.000" classname="com.trimble.taf.suite.tests.base.TestRunner">
    <skipped/>
  </testcase> <!-- feature -->
</testsuite> <!-- com.trimble.taf.suite.tests.base.TestRunner -->
