<?xml version="1.0" encoding="UTF-8"?>
<!-- Generated by org.testng.reporters.JUnitReportReporter -->
<testsuite hostname="PSAH-IN-LE02" name="com.trimble.birst.tests.ExecutiveConsoleTests" tests="1" failures="0" timestamp="4 Jul 2018 06:56:32 GMT" time="77.935" errors="0">
  <testcase name="verifyExportPDFmenu" time="77.935" classname="com.trimble.birst.tests.ExecutiveConsoleTests"/>
</testsuite> <!-- com.trimble.birst.tests.ExecutiveConsoleTests -->
