<?xml version="1.0" encoding="UTF-8"?>
<!-- Generated by org.testng.reporters.JUnitReportReporter -->
<testsuite skipped="0" hostname="SMARUDH-IN-LE01" name="com.trimble.taf.suite.tests.base.TestRunner" tests="1" failures="0" timestamp="07 Sep 2018 12:35:27 GMT" time="123.669" errors="0">
  <testcase name="feature" time="123.669" classname="com.trimble.taf.suite.tests.base.TestRunner"/>
</testsuite> <!-- com.trimble.taf.suite.tests.base.TestRunner -->
